"{\"data\":{\"message_id\":\"135bbf8497f7df177858194a2dca155e\"},\"message\":\"OK\",\"status\":\"success\"}\n"2022-07-15-15:08:27rw-34215164-serv_1
-------------------------
"{\"data\":{\"message_id\":\"6b27ecfacd6a1fcc97fb74bbb83ed5a3\"},\"message\":\"OK\",\"status\":\"success\"}\n"2022-07-15-15:18:17rw-34283893-serv_1
-------------------------
"{\"error\":\"Payload validation error\",\"info\":\"invalid character '\\\\n' in string literal\"}\n"2022-07-15-15:45:25email:ajibolatobiloba@yahoo.comrw-34297140-serv_1
-------------------------
"{\"error\":\"Payload validation error\",\"info\":\"invalid character '\\\\n' in string literal\"}\n"2022-07-15-15:47:29email:ajibolatobiloba@yahoo.comrw-34304087-serv_1
-------------------------
"{\"error\":\"Payload validation error\",\"info\":\"invalid character '\\\\n' in string literal\"}\n"2022-07-15-15:48:58email:ajibolatobiloba@yahoo.comrw-34307424-serv_1
-------------------------
"{\"error\":\"Payload validation error\",\"info\":\"invalid character '\\\\n' in string literal\"}\n"2022-07-15-15:57:19email:ajibolatobiloba@yahoo.comrw-34283893-serv_1
-------------------------
"{\"data\":{\"message_id\":\"3f00f016f23e3e6090d2878d7f508b77\"},\"message\":\"OK\",\"status\":\"success\"}\n"2022-07-15-15:58:01email:ajibolatobiloba@yahoo.comrw-34283893-serv_1
-------------------------
"{\"data\":{\"message_id\":\"3df396e5fdb3538f66d509e9ba09c84e\"},\"message\":\"OK\",\"status\":\"success\"}\n"2022-07-15-15:58:29email:ajibolatobiloba@yahoo.comrw-34215164-serv_1
-------------------------
"{\"error\":\"Payload validation error\",\"info\":\"invalid character '\\\\n' in string literal\"}\n"2022-07-15-15:59:08email:ajibolatobiloba@yahoo.comrw-34215164-serv_1
-------------------------
"{\"data\":{\"message_id\":\"1c947e8466e8a56c13d97f72b526f646\"},\"message\":\"OK\",\"status\":\"success\"}\n"2022-07-15-16:06:06email:ajibolatobiloba@yahoo.comrw-34215164-serv_1
-------------------------
"{\"data\":{\"message_id\":\"b5136dc45afeb5d2b408f2215ff0e5ae\"},\"message\":\"OK\",\"status\":\"success\"}\n"2022-07-15-16:14:42email:ajibolatobiloba@yahoo.comrw-34283893-serv_1
-------------------------
"{\"data\":{\"message_id\":\"cd544d0ca0ef4c920a8bafda70640f83\"},\"message\":\"OK\",\"status\":\"success\"}\n"2022-07-15-16:31:12email:adewunmidele@yahoo.co.ukrw-34198304-serv_1
-------------------------
